{"/Users/zhandoumonkey/Documents/Dev/brightMove/frontend/src/feature/wishlist/WishlistSlice.jsx": {"path":"/Users/zhandoumonkey/Documents/Dev/brightMove/frontend/src/feature/wishlist/WishlistSlice.jsx","all":false,"statementMap":{"0":{"start":{"line":1,"column":0},"end":{"line":1,"column":65}},"1":{"start":{"line":2,"column":0},"end":{"line":2,"column":0}},"2":{"start":{"line":3,"column":0},"end":{"line":3,"column":22}},"3":{"start":{"line":4,"column":0},"end":{"line":4,"column":15}},"4":{"start":{"line":5,"column":0},"end":{"line":5,"column":17}},"5":{"start":{"line":6,"column":0},"end":{"line":6,"column":14}},"6":{"start":{"line":7,"column":0},"end":{"line":7,"column":2}},"7":{"start":{"line":8,"column":0},"end":{"line":8,"column":0}},"8":{"start":{"line":9,"column":0},"end":{"line":9,"column":71}},"9":{"start":{"line":10,"column":0},"end":{"line":10,"column":0}},"10":{"start":{"line":11,"column":0},"end":{"line":11,"column":46}},"11":{"start":{"line":12,"column":0},"end":{"line":12,"column":27}},"12":{"start":{"line":13,"column":0},"end":{"line":13,"column":36}},"13":{"start":{"line":14,"column":0},"end":{"line":14,"column":9}},"14":{"start":{"line":15,"column":0},"end":{"line":15,"column":49}},"15":{"start":{"line":16,"column":0},"end":{"line":16,"column":18}},"16":{"start":{"line":17,"column":0},"end":{"line":17,"column":49}},"17":{"start":{"line":18,"column":0},"end":{"line":18,"column":10}},"18":{"start":{"line":19,"column":0},"end":{"line":19,"column":9}},"19":{"start":{"line":20,"column":0},"end":{"line":20,"column":36}},"20":{"start":{"line":21,"column":0},"end":{"line":21,"column":20}},"21":{"start":{"line":22,"column":0},"end":{"line":22,"column":46}},"22":{"start":{"line":23,"column":0},"end":{"line":23,"column":7}},"23":{"start":{"line":24,"column":0},"end":{"line":24,"column":18}},"24":{"start":{"line":25,"column":0},"end":{"line":25,"column":19}},"25":{"start":{"line":26,"column":0},"end":{"line":26,"column":54}},"26":{"start":{"line":27,"column":0},"end":{"line":27,"column":5}},"27":{"start":{"line":28,"column":0},"end":{"line":28,"column":3}},"28":{"start":{"line":29,"column":0},"end":{"line":29,"column":2}},"29":{"start":{"line":30,"column":0},"end":{"line":30,"column":0}},"30":{"start":{"line":31,"column":0},"end":{"line":31,"column":46}},"31":{"start":{"line":32,"column":0},"end":{"line":32,"column":27}},"32":{"start":{"line":33,"column":0},"end":{"line":33,"column":63}},"33":{"start":{"line":34,"column":0},"end":{"line":34,"column":67}},"34":{"start":{"line":35,"column":0},"end":{"line":35,"column":9}},"35":{"start":{"line":36,"column":0},"end":{"line":36,"column":46}},"36":{"start":{"line":37,"column":0},"end":{"line":37,"column":23}},"37":{"start":{"line":38,"column":0},"end":{"line":38,"column":18}},"38":{"start":{"line":39,"column":0},"end":{"line":39,"column":45}},"39":{"start":{"line":40,"column":0},"end":{"line":40,"column":49}},"40":{"start":{"line":41,"column":0},"end":{"line":41,"column":10}},"41":{"start":{"line":42,"column":0},"end":{"line":42,"column":9}},"42":{"start":{"line":43,"column":0},"end":{"line":43,"column":36}},"43":{"start":{"line":44,"column":0},"end":{"line":44,"column":20}},"44":{"start":{"line":45,"column":0},"end":{"line":45,"column":37}},"45":{"start":{"line":46,"column":0},"end":{"line":46,"column":7}},"46":{"start":{"line":47,"column":0},"end":{"line":47,"column":18}},"47":{"start":{"line":48,"column":0},"end":{"line":48,"column":19}},"48":{"start":{"line":49,"column":0},"end":{"line":49,"column":45}},"49":{"start":{"line":50,"column":0},"end":{"line":50,"column":5}},"50":{"start":{"line":51,"column":0},"end":{"line":51,"column":3}},"51":{"start":{"line":52,"column":0},"end":{"line":52,"column":2}},"52":{"start":{"line":53,"column":0},"end":{"line":53,"column":0}},"53":{"start":{"line":54,"column":0},"end":{"line":54,"column":51}},"54":{"start":{"line":55,"column":0},"end":{"line":55,"column":32}},"55":{"start":{"line":56,"column":0},"end":{"line":56,"column":63}},"56":{"start":{"line":57,"column":0},"end":{"line":57,"column":71}},"57":{"start":{"line":58,"column":0},"end":{"line":58,"column":9}},"58":{"start":{"line":59,"column":0},"end":{"line":59,"column":47}},"59":{"start":{"line":60,"column":0},"end":{"line":60,"column":25}},"60":{"start":{"line":61,"column":0},"end":{"line":61,"column":18}},"61":{"start":{"line":62,"column":0},"end":{"line":62,"column":49}},"62":{"start":{"line":63,"column":0},"end":{"line":63,"column":10}},"63":{"start":{"line":64,"column":0},"end":{"line":64,"column":9}},"64":{"start":{"line":65,"column":0},"end":{"line":65,"column":20}},"65":{"start":{"line":66,"column":0},"end":{"line":66,"column":49}},"66":{"start":{"line":67,"column":0},"end":{"line":67,"column":7}},"67":{"start":{"line":68,"column":0},"end":{"line":68,"column":24}},"68":{"start":{"line":69,"column":0},"end":{"line":69,"column":19}},"69":{"start":{"line":70,"column":0},"end":{"line":70,"column":45}},"70":{"start":{"line":71,"column":0},"end":{"line":71,"column":5}},"71":{"start":{"line":72,"column":0},"end":{"line":72,"column":3}},"72":{"start":{"line":73,"column":0},"end":{"line":73,"column":2}},"73":{"start":{"line":74,"column":0},"end":{"line":74,"column":0}},"74":{"start":{"line":75,"column":0},"end":{"line":75,"column":35}},"75":{"start":{"line":76,"column":0},"end":{"line":76,"column":19}},"76":{"start":{"line":77,"column":0},"end":{"line":77,"column":15}},"77":{"start":{"line":78,"column":0},"end":{"line":78,"column":26}},"78":{"start":{"line":79,"column":0},"end":{"line":79,"column":11}},"79":{"start":{"line":80,"column":0},"end":{"line":80,"column":60}},"80":{"start":{"line":81,"column":0},"end":{"line":81,"column":40}},"81":{"start":{"line":82,"column":0},"end":{"line":82,"column":35}},"82":{"start":{"line":83,"column":0},"end":{"line":83,"column":8}},"83":{"start":{"line":84,"column":0},"end":{"line":84,"column":59}},"84":{"start":{"line":85,"column":0},"end":{"line":85,"column":32}},"85":{"start":{"line":86,"column":0},"end":{"line":86,"column":37}},"86":{"start":{"line":87,"column":0},"end":{"line":87,"column":8}},"87":{"start":{"line":88,"column":0},"end":{"line":88,"column":60}},"88":{"start":{"line":89,"column":0},"end":{"line":89,"column":44}},"89":{"start":{"line":90,"column":0},"end":{"line":90,"column":35}},"90":{"start":{"line":91,"column":0},"end":{"line":91,"column":8}},"91":{"start":{"line":92,"column":0},"end":{"line":92,"column":59}},"92":{"start":{"line":93,"column":0},"end":{"line":93,"column":32}},"93":{"start":{"line":94,"column":0},"end":{"line":94,"column":37}},"94":{"start":{"line":95,"column":0},"end":{"line":95,"column":8}},"95":{"start":{"line":96,"column":0},"end":{"line":96,"column":65}},"96":{"start":{"line":97,"column":0},"end":{"line":97,"column":47}},"97":{"start":{"line":98,"column":0},"end":{"line":98,"column":54}},"98":{"start":{"line":99,"column":0},"end":{"line":99,"column":10}},"99":{"start":{"line":100,"column":0},"end":{"line":100,"column":35}},"100":{"start":{"line":101,"column":0},"end":{"line":101,"column":8}},"101":{"start":{"line":102,"column":0},"end":{"line":102,"column":64}},"102":{"start":{"line":103,"column":0},"end":{"line":103,"column":32}},"103":{"start":{"line":104,"column":0},"end":{"line":104,"column":37}},"104":{"start":{"line":105,"column":0},"end":{"line":105,"column":9}},"105":{"start":{"line":106,"column":0},"end":{"line":106,"column":4}},"106":{"start":{"line":107,"column":0},"end":{"line":107,"column":3}},"107":{"start":{"line":108,"column":0},"end":{"line":108,"column":0}},"108":{"start":{"line":109,"column":0},"end":{"line":109,"column":59}},"109":{"start":{"line":110,"column":0},"end":{"line":110,"column":63}},"110":{"start":{"line":111,"column":0},"end":{"line":111,"column":61}},"111":{"start":{"line":112,"column":0},"end":{"line":112,"column":0}},"112":{"start":{"line":113,"column":0},"end":{"line":113,"column":37}}},"s":{"0":1,"1":1,"2":1,"3":1,"4":1,"5":1,"6":1,"7":1,"8":1,"9":1,"10":1,"11":1,"12":1,"13":2,"14":2,"15":2,"16":2,"17":2,"18":2,"19":2,"20":2,"21":1,"22":1,"23":1,"24":0,"25":0,"26":1,"27":1,"28":1,"29":1,"30":1,"31":1,"32":1,"33":2,"34":2,"35":2,"36":2,"37":2,"38":2,"39":2,"40":2,"41":2,"42":2,"43":2,"44":1,"45":1,"46":1,"47":0,"48":0,"49":1,"50":1,"51":1,"52":1,"53":1,"54":1,"55":1,"56":2,"57":2,"58":2,"59":2,"60":2,"61":2,"62":2,"63":2,"64":2,"65":1,"66":1,"67":1,"68":0,"69":0,"70":1,"71":1,"72":1,"73":1,"74":1,"75":1,"76":1,"77":1,"78":1,"79":1,"80":1,"81":1,"82":1,"83":1,"84":1,"85":1,"86":1,"87":1,"88":1,"89":1,"90":1,"91":1,"92":1,"93":1,"94":1,"95":1,"96":1,"97":1,"98":1,"99":1,"100":1,"101":1,"102":1,"103":1,"104":1,"105":1,"106":1,"107":1,"108":1,"109":1,"110":1,"111":1,"112":1},"branchMap":{"0":{"type":"branch","line":2,"loc":{"start":{"line":2,"column":-1},"end":{"line":2,"column":0}},"locations":[{"start":{"line":2,"column":-1},"end":{"line":2,"column":0}}]},"1":{"type":"branch","line":12,"loc":{"start":{"line":12,"column":26},"end":{"line":28,"column":3}},"locations":[{"start":{"line":12,"column":26},"end":{"line":28,"column":3}}]},"2":{"type":"branch","line":13,"loc":{"start":{"line":13,"column":2},"end":{"line":26,"column":54}},"locations":[{"start":{"line":13,"column":2},"end":{"line":26,"column":54}}]},"3":{"type":"branch","line":13,"loc":{"start":{"line":13,"column":30},"end":{"line":26,"column":54}},"locations":[{"start":{"line":13,"column":30},"end":{"line":26,"column":54}}]},"4":{"type":"branch","line":13,"loc":{"start":{"line":13,"column":30},"end":{"line":26,"column":54}},"locations":[{"start":{"line":13,"column":30},"end":{"line":26,"column":54}}]},"5":{"type":"branch","line":13,"loc":{"start":{"line":13,"column":30},"end":{"line":19,"column":9}},"locations":[{"start":{"line":13,"column":30},"end":{"line":19,"column":9}}]},"6":{"type":"branch","line":19,"loc":{"start":{"line":19,"column":8},"end":{"line":20,"column":36}},"locations":[{"start":{"line":19,"column":8},"end":{"line":20,"column":36}}]},"7":{"type":"branch","line":20,"loc":{"start":{"line":20,"column":35},"end":{"line":22,"column":46}},"locations":[{"start":{"line":20,"column":35},"end":{"line":22,"column":46}}]},"8":{"type":"branch","line":21,"loc":{"start":{"line":21,"column":17},"end":{"line":22,"column":46}},"locations":[{"start":{"line":21,"column":17},"end":{"line":22,"column":46}}]},"9":{"type":"branch","line":22,"loc":{"start":{"line":22,"column":45},"end":{"line":24,"column":18}},"locations":[{"start":{"line":22,"column":45},"end":{"line":24,"column":18}}]},"10":{"type":"branch","line":24,"loc":{"start":{"line":24,"column":17},"end":{"line":26,"column":54}},"locations":[{"start":{"line":24,"column":17},"end":{"line":26,"column":54}}]},"11":{"type":"branch","line":32,"loc":{"start":{"line":32,"column":26},"end":{"line":51,"column":3}},"locations":[{"start":{"line":32,"column":26},"end":{"line":51,"column":3}}]},"12":{"type":"branch","line":33,"loc":{"start":{"line":33,"column":2},"end":{"line":49,"column":45}},"locations":[{"start":{"line":33,"column":2},"end":{"line":49,"column":45}}]},"13":{"type":"branch","line":33,"loc":{"start":{"line":33,"column":2},"end":{"line":49,"column":45}},"locations":[{"start":{"line":33,"column":2},"end":{"line":49,"column":45}}]},"14":{"type":"branch","line":33,"loc":{"start":{"line":33,"column":2},"end":{"line":49,"column":45}},"locations":[{"start":{"line":33,"column":2},"end":{"line":49,"column":45}}]},"15":{"type":"branch","line":33,"loc":{"start":{"line":33,"column":2},"end":{"line":42,"column":9}},"locations":[{"start":{"line":33,"column":2},"end":{"line":42,"column":9}}]},"16":{"type":"branch","line":42,"loc":{"start":{"line":42,"column":8},"end":{"line":43,"column":36}},"locations":[{"start":{"line":42,"column":8},"end":{"line":43,"column":36}}]},"17":{"type":"branch","line":43,"loc":{"start":{"line":43,"column":35},"end":{"line":45,"column":37}},"locations":[{"start":{"line":43,"column":35},"end":{"line":45,"column":37}}]},"18":{"type":"branch","line":44,"loc":{"start":{"line":44,"column":17},"end":{"line":45,"column":37}},"locations":[{"start":{"line":44,"column":17},"end":{"line":45,"column":37}}]},"19":{"type":"branch","line":45,"loc":{"start":{"line":45,"column":36},"end":{"line":47,"column":18}},"locations":[{"start":{"line":45,"column":36},"end":{"line":47,"column":18}}]},"20":{"type":"branch","line":47,"loc":{"start":{"line":47,"column":17},"end":{"line":49,"column":45}},"locations":[{"start":{"line":47,"column":17},"end":{"line":49,"column":45}}]},"21":{"type":"branch","line":55,"loc":{"start":{"line":55,"column":31},"end":{"line":72,"column":3}},"locations":[{"start":{"line":55,"column":31},"end":{"line":72,"column":3}}]},"22":{"type":"branch","line":56,"loc":{"start":{"line":56,"column":2},"end":{"line":70,"column":45}},"locations":[{"start":{"line":56,"column":2},"end":{"line":70,"column":45}}]},"23":{"type":"branch","line":56,"loc":{"start":{"line":56,"column":2},"end":{"line":70,"column":45}},"locations":[{"start":{"line":56,"column":2},"end":{"line":70,"column":45}}]},"24":{"type":"branch","line":56,"loc":{"start":{"line":56,"column":2},"end":{"line":70,"column":45}},"locations":[{"start":{"line":56,"column":2},"end":{"line":70,"column":45}}]},"25":{"type":"branch","line":56,"loc":{"start":{"line":56,"column":2},"end":{"line":64,"column":9}},"locations":[{"start":{"line":56,"column":2},"end":{"line":64,"column":9}}]},"26":{"type":"branch","line":64,"loc":{"start":{"line":64,"column":8},"end":{"line":66,"column":49}},"locations":[{"start":{"line":64,"column":8},"end":{"line":66,"column":49}}]},"27":{"type":"branch","line":65,"loc":{"start":{"line":65,"column":17},"end":{"line":66,"column":49}},"locations":[{"start":{"line":65,"column":17},"end":{"line":66,"column":49}}]},"28":{"type":"branch","line":66,"loc":{"start":{"line":66,"column":47},"end":{"line":66,"column":49}},"locations":[{"start":{"line":66,"column":47},"end":{"line":66,"column":49}}]},"29":{"type":"branch","line":66,"loc":{"start":{"line":66,"column":47},"end":{"line":68,"column":24}},"locations":[{"start":{"line":66,"column":47},"end":{"line":68,"column":24}}]},"30":{"type":"branch","line":68,"loc":{"start":{"line":68,"column":23},"end":{"line":70,"column":45}},"locations":[{"start":{"line":68,"column":23},"end":{"line":70,"column":45}}]},"31":{"type":"branch","line":78,"loc":{"start":{"line":78,"column":15},"end":{"line":106,"column":4}},"locations":[{"start":{"line":78,"column":15},"end":{"line":106,"column":4}}]},"32":{"type":"branch","line":80,"loc":{"start":{"line":80,"column":40},"end":{"line":83,"column":7}},"locations":[{"start":{"line":80,"column":40},"end":{"line":83,"column":7}}]},"33":{"type":"branch","line":84,"loc":{"start":{"line":84,"column":39},"end":{"line":87,"column":7}},"locations":[{"start":{"line":84,"column":39},"end":{"line":87,"column":7}}]},"34":{"type":"branch","line":88,"loc":{"start":{"line":88,"column":40},"end":{"line":91,"column":7}},"locations":[{"start":{"line":88,"column":40},"end":{"line":91,"column":7}}]},"35":{"type":"branch","line":92,"loc":{"start":{"line":92,"column":39},"end":{"line":95,"column":7}},"locations":[{"start":{"line":92,"column":39},"end":{"line":95,"column":7}}]},"36":{"type":"branch","line":96,"loc":{"start":{"line":96,"column":45},"end":{"line":101,"column":7}},"locations":[{"start":{"line":96,"column":45},"end":{"line":101,"column":7}}]},"37":{"type":"branch","line":98,"loc":{"start":{"line":98,"column":10},"end":{"line":98,"column":54}},"locations":[{"start":{"line":98,"column":10},"end":{"line":98,"column":54}}]},"38":{"type":"branch","line":102,"loc":{"start":{"line":102,"column":44},"end":{"line":105,"column":7}},"locations":[{"start":{"line":102,"column":44},"end":{"line":105,"column":7}}]}},"b":{"0":[1],"1":[1],"2":[2],"3":[6],"4":[7],"5":[2],"6":[2],"7":[2],"8":[1],"9":[1],"10":[0],"11":[1],"12":[2],"13":[6],"14":[7],"15":[2],"16":[2],"17":[2],"18":[1],"19":[1],"20":[0],"21":[1],"22":[2],"23":[5],"24":[6],"25":[2],"26":[2],"27":[1],"28":[1],"29":[1],"30":[0],"31":[1],"32":[1],"33":[1],"34":[1],"35":[1],"36":[1],"37":[2],"38":[1]},"fnMap":{"0":{"name":"_regenerator","decl":{"start":{"line":2,"column":-1},"end":{"line":2,"column":0}},"loc":{"start":{"line":2,"column":-1},"end":{"line":2,"column":0}},"line":2},"1":{"name":"_callee","decl":{"start":{"line":13,"column":2},"end":{"line":26,"column":54}},"loc":{"start":{"line":13,"column":2},"end":{"line":26,"column":54}},"line":13},"2":{"name":"_callee2","decl":{"start":{"line":33,"column":2},"end":{"line":49,"column":45}},"loc":{"start":{"line":33,"column":2},"end":{"line":49,"column":45}},"line":33},"3":{"name":"_callee3","decl":{"start":{"line":56,"column":2},"end":{"line":70,"column":45}},"loc":{"start":{"line":56,"column":2},"end":{"line":70,"column":45}},"line":56},"4":{"name":"extraReducers","decl":{"start":{"line":78,"column":15},"end":{"line":106,"column":4}},"loc":{"start":{"line":78,"column":15},"end":{"line":106,"column":4}},"line":78},"5":{"name":"wishlist","decl":{"start":{"line":109,"column":24},"end":{"line":109,"column":59}},"loc":{"start":{"line":109,"column":24},"end":{"line":109,"column":59}},"line":109},"6":{"name":"wishlistStatus","decl":{"start":{"line":110,"column":30},"end":{"line":110,"column":63}},"loc":{"start":{"line":110,"column":30},"end":{"line":110,"column":63}},"line":110},"7":{"name":"wishlistError","decl":{"start":{"line":111,"column":29},"end":{"line":111,"column":61}},"loc":{"start":{"line":111,"column":29},"end":{"line":111,"column":61}},"line":111}},"f":{"0":1,"1":2,"2":2,"3":2,"4":1,"5":0,"6":0,"7":0}}
}
