TN:
SF:src/feature/wishlist/WishlistSlice.jsx
FN:2,_regenerator
FN:13,_callee
FN:33,_callee2
FN:56,_callee3
FN:78,extraReducers
FN:109,wishlist
FN:110,wishlistStatus
FN:111,wishlistError
FNF:8
FNH:5
FNDA:1,_regenerator
FNDA:2,_callee
FNDA:2,_callee2
FNDA:2,_callee3
FNDA:1,extraReducers
FNDA:0,wishlist
FNDA:0,wishlistStatus
FNDA:0,wishlistError
DA:1,1
DA:2,1
DA:3,1
DA:4,1
DA:5,1
DA:6,1
DA:7,1
DA:8,1
DA:9,1
DA:10,1
DA:11,1
DA:12,1
DA:13,1
DA:14,2
DA:15,2
DA:16,2
DA:17,2
DA:18,2
DA:19,2
DA:20,2
DA:21,2
DA:22,1
DA:23,1
DA:24,1
DA:25,0
DA:26,0
DA:27,1
DA:28,1
DA:29,1
DA:30,1
DA:31,1
DA:32,1
DA:33,1
DA:34,2
DA:35,2
DA:36,2
DA:37,2
DA:38,2
DA:39,2
DA:40,2
DA:41,2
DA:42,2
DA:43,2
DA:44,2
DA:45,1
DA:46,1
DA:47,1
DA:48,0
DA:49,0
DA:50,1
DA:51,1
DA:52,1
DA:53,1
DA:54,1
DA:55,1
DA:56,1
DA:57,2
DA:58,2
DA:59,2
DA:60,2
DA:61,2
DA:62,2
DA:63,2
DA:64,2
DA:65,2
DA:66,1
DA:67,1
DA:68,1
DA:69,0
DA:70,0
DA:71,1
DA:72,1
DA:73,1
DA:74,1
DA:75,1
DA:76,1
DA:77,1
DA:78,1
DA:79,1
DA:80,1
DA:81,1
DA:82,1
DA:83,1
DA:84,1
DA:85,1
DA:86,1
DA:87,1
DA:88,1
DA:89,1
DA:90,1
DA:91,1
DA:92,1
DA:93,1
DA:94,1
DA:95,1
DA:96,1
DA:97,1
DA:98,1
DA:99,1
DA:100,1
DA:101,1
DA:102,1
DA:103,1
DA:104,1
DA:105,1
DA:106,1
DA:107,1
DA:108,1
DA:109,1
DA:110,1
DA:111,1
DA:112,1
DA:113,1
LF:113
LH:107
BRDA:2,0,0,1
BRDA:12,1,0,1
BRDA:13,2,0,2
BRDA:13,3,0,6
BRDA:13,4,0,7
BRDA:13,5,0,2
BRDA:19,6,0,2
BRDA:20,7,0,2
BRDA:21,8,0,1
BRDA:22,9,0,1
BRDA:24,10,0,0
BRDA:32,11,0,1
BRDA:33,12,0,2
BRDA:33,13,0,6
BRDA:33,14,0,7
BRDA:33,15,0,2
BRDA:42,16,0,2
BRDA:43,17,0,2
BRDA:44,18,0,1
BRDA:45,19,0,1
BRDA:47,20,0,0
BRDA:55,21,0,1
BRDA:56,22,0,2
BRDA:56,23,0,5
BRDA:56,24,0,6
BRDA:56,25,0,2
BRDA:64,26,0,2
BRDA:65,27,0,1
BRDA:66,28,0,1
BRDA:66,29,0,1
BRDA:68,30,0,0
BRDA:78,31,0,1
BRDA:80,32,0,1
BRDA:84,33,0,1
BRDA:88,34,0,1
BRDA:92,35,0,1
BRDA:96,36,0,1
BRDA:98,37,0,2
BRDA:102,38,0,1
BRF:39
BRH:36
end_of_record
